nohup: ignoring input

Collecting usage statistics. To deactivate, set browser.gatherUsageStats to false.


  You can now view your Streamlit app in your browser.

  Local URL: http://localhost:8501
  Network URL: http://10.128.0.2:8501
  External URL: http://35.193.81.115:8501

2026-03-20 12:36:53.814 Uncaught app execution
Traceback (most recent call last):
  File "/home/charuka2002buss/.local/lib/python3.10/site-packages/streamlit/runtime/scriptrunner/exec_code.py", line 129, in exec_func_with_error_handling
    result = func()
  File "/home/charuka2002buss/.local/lib/python3.10/site-packages/streamlit/runtime/scriptrunner/script_runner.py", line 689, in code_to_exec
    exec(code, module.__dict__)  # noqa: S102
  File "/home/charuka2002buss/KRRAD/ui/dashboard.py", line 9, in <module>
    st.markdown("""
  File "/home/charuka2002buss/.local/lib/python3.10/site-packages/streamlit/runtime/metrics_util.py", line 532, in wrapped_func
    result = non_optional_func(*args, **kwargs)
TypeError: MarkdownMixin.markdown() got an unexpected keyword argument 'unsafe_allow_name'
No resources found in default namespace.
deployment.apps/krrad-controller restarted
🛡️  KRRAD: Clearing Blacklists and Unblocking all IPs...
🔄 Resetting DaemonSet (Enforcers)...
🧠 Resetting AI Controller...
✅ All blocks cleared. Monitoring resumed.
No resources found
deployment.apps/krrad-controller restarted
No resources found
deployment.apps/krrad-controller restarted
No resources found
deployment.apps/krrad-controller restarted
